This file contains any messages produced by compilers while
running configure, to aid debugging if configure makes a mistake.

It was created by kyotocabinet configure 1.2.76, which was
generated by GNU Autoconf 2.68.  Invocation command line was

  $ ./configure 

## --------- ##
## Platform. ##
## --------- ##

hostname = gennadiy-osx.local
uname -m = x86_64
uname -r = 14.4.0
uname -s = Darwin
uname -v = Darwin Kernel Version 14.4.0: Thu May 28 11:35:04 PDT 2015; root:xnu-2782.30.5~1/RELEASE_X86_64

/usr/bin/uname -p = i386
/bin/uname -X     = unknown

/bin/arch              = unknown
/usr/bin/arch -k       = unknown
/usr/convex/getsysinfo = unknown
/usr/bin/hostinfo      = Mach kernel version:
	 Darwin Kernel Version 14.4.0: Thu May 28 11:35:04 PDT 2015; root:xnu-2782.30.5~1/RELEASE_X86_64
Kernel configured for up to 4 processors.
2 processors are physically available.
4 processors are logically available.
Processor type: x86_64h (Intel x86-64h Haswell)
Processors active: 0 1 2 3
Primary memory available: 8.00 gigabytes
Default processor set: 339 tasks, 1935 threads, 4 processors
Load average: 2.23, Mach factor: 1.80
/bin/machine           = unknown
/usr/bin/oslevel       = unknown
/bin/universe          = unknown

PATH: /usr/local/bin
PATH: /usr/bin
PATH: /bin
PATH: /usr/sbin
PATH: /sbin
PATH: /usr/local/MacGPG2/bin
PATH: /usr/local/munki


## ----------- ##
## Core tests. ##
## ----------- ##

configure:2341: checking for gcc
configure:2357: found /usr/bin/gcc
configure:2368: result: gcc
configure:2597: checking for C compiler version
configure:2606: gcc --version >&5
Apple LLVM version 6.1.0 (clang-602.0.53) (based on LLVM 3.6.0svn)
Target: x86_64-apple-darwin14.4.0
Thread model: posix
Configured with: --prefix=/Applications/Xcode.app/Contents/Developer/usr --with-gxx-include-dir=/usr/include/c++/4.2.1
configure:2617: $? = 0
configure:2606: gcc -v >&5
Configured with: --prefix=/Applications/Xcode.app/Contents/Developer/usr --with-gxx-include-dir=/usr/include/c++/4.2.1
Apple LLVM version 6.1.0 (clang-602.0.53) (based on LLVM 3.6.0svn)
Target: x86_64-apple-darwin14.4.0
Thread model: posix
configure:2617: $? = 0
configure:2606: gcc -V >&5
clang: error: argument to '-V' is missing (expected 1 value)
clang: error: no input files
configure:2617: $? = 1
configure:2606: gcc -qversion >&5
clang: error: unknown argument: '-qversion'
clang: error: no input files
configure:2617: $? = 1
configure:2637: checking whether the C compiler works
configure:2659: gcc    conftest.c  >&5
configure:2663: $? = 0
configure:2711: result: yes
configure:2714: checking for C compiler default output file name
configure:2716: result: a.out
configure:2722: checking for suffix of executables
configure:2729: gcc -o conftest    conftest.c  >&5
configure:2733: $? = 0
configure:2755: result: 
configure:2777: checking whether we are cross compiling
configure:2785: gcc -o conftest    conftest.c  >&5
configure:2789: $? = 0
configure:2796: ./conftest
configure:2800: $? = 0
configure:2815: result: no
configure:2820: checking for suffix of object files
configure:2842: gcc -c   conftest.c >&5
configure:2846: $? = 0
configure:2867: result: o
configure:2871: checking whether we are using the GNU C compiler
configure:2890: gcc -c   conftest.c >&5
configure:2890: $? = 0
configure:2899: result: yes
configure:2908: checking whether gcc accepts -g
configure:2928: gcc -c -g  conftest.c >&5
configure:2928: $? = 0
configure:2969: result: yes
configure:2986: checking for gcc option to accept ISO C89
configure:3050: gcc  -c -g -O2  conftest.c >&5
configure:3050: $? = 0
configure:3063: result: none needed
configure:3141: checking for g++
configure:3157: found /usr/bin/g++
configure:3168: result: g++
configure:3195: checking for C++ compiler version
configure:3204: g++ --version >&5
Apple LLVM version 6.1.0 (clang-602.0.53) (based on LLVM 3.6.0svn)
Target: x86_64-apple-darwin14.4.0
Thread model: posix
Configured with: --prefix=/Applications/Xcode.app/Contents/Developer/usr --with-gxx-include-dir=/usr/include/c++/4.2.1
configure:3215: $? = 0
configure:3204: g++ -v >&5
Configured with: --prefix=/Applications/Xcode.app/Contents/Developer/usr --with-gxx-include-dir=/usr/include/c++/4.2.1
Apple LLVM version 6.1.0 (clang-602.0.53) (based on LLVM 3.6.0svn)
Target: x86_64-apple-darwin14.4.0
Thread model: posix
configure:3215: $? = 0
configure:3204: g++ -V >&5
clang: error: argument to '-V' is missing (expected 1 value)
clang: error: no input files
configure:3215: $? = 1
configure:3204: g++ -qversion >&5
clang: error: unknown argument: '-qversion'
clang: error: no input files
configure:3215: $? = 1
configure:3219: checking whether we are using the GNU C++ compiler
configure:3238: g++ -c   conftest.cpp >&5
configure:3238: $? = 0
configure:3247: result: yes
configure:3256: checking whether g++ accepts -g
configure:3276: g++ -c -g  conftest.cpp >&5
configure:3276: $? = 0
configure:3317: result: yes
configure:3367: checking how to run the C++ preprocessor
configure:3394: g++ -E  conftest.cpp
configure:3394: $? = 0
configure:3408: g++ -E  conftest.cpp
conftest.cpp:9:10: fatal error: 'ac_nonexistent.h' file not found
#include <ac_nonexistent.h>
         ^
1 error generated.
configure:3408: $? = 1
configure: failed program was:
| /* confdefs.h */
| #define PACKAGE_NAME "kyotocabinet"
| #define PACKAGE_TARNAME "kyotocabinet"
| #define PACKAGE_VERSION "1.2.76"
| #define PACKAGE_STRING "kyotocabinet 1.2.76"
| #define PACKAGE_BUGREPORT ""
| #define PACKAGE_URL ""
| /* end confdefs.h.  */
| #include <ac_nonexistent.h>
configure:3433: result: g++ -E
configure:3453: g++ -E  conftest.cpp
configure:3453: $? = 0
configure:3467: g++ -E  conftest.cpp
conftest.cpp:9:10: fatal error: 'ac_nonexistent.h' file not found
#include <ac_nonexistent.h>
         ^
1 error generated.
configure:3467: $? = 1
configure: failed program was:
| /* confdefs.h */
| #define PACKAGE_NAME "kyotocabinet"
| #define PACKAGE_TARNAME "kyotocabinet"
| #define PACKAGE_VERSION "1.2.76"
| #define PACKAGE_STRING "kyotocabinet 1.2.76"
| #define PACKAGE_BUGREPORT ""
| #define PACKAGE_URL ""
| /* end confdefs.h.  */
| #include <ac_nonexistent.h>
configure:3496: checking for grep that handles long lines and -e
configure:3554: result: /usr/bin/grep
configure:3559: checking for egrep
configure:3621: result: /usr/bin/grep -E
configure:3626: checking for ANSI C header files
configure:3646: g++ -c -g -O2  conftest.cpp >&5
configure:3646: $? = 0
configure:3719: g++ -o conftest -g -O2   conftest.cpp  >&5
configure:3719: $? = 0
configure:3719: ./conftest
configure:3719: $? = 0
configure:3730: result: yes
configure:3743: checking for sys/types.h
configure:3743: g++ -c -g -O2  conftest.cpp >&5
configure:3743: $? = 0
configure:3743: result: yes
configure:3743: checking for sys/stat.h
configure:3743: g++ -c -g -O2  conftest.cpp >&5
configure:3743: $? = 0
configure:3743: result: yes
configure:3743: checking for stdlib.h
configure:3743: g++ -c -g -O2  conftest.cpp >&5
configure:3743: $? = 0
configure:3743: result: yes
configure:3743: checking for string.h
configure:3743: g++ -c -g -O2  conftest.cpp >&5
configure:3743: $? = 0
configure:3743: result: yes
configure:3743: checking for memory.h
configure:3743: g++ -c -g -O2  conftest.cpp >&5
configure:3743: $? = 0
configure:3743: result: yes
configure:3743: checking for strings.h
configure:3743: g++ -c -g -O2  conftest.cpp >&5
configure:3743: $? = 0
configure:3743: result: yes
configure:3743: checking for inttypes.h
configure:3743: g++ -c -g -O2  conftest.cpp >&5
configure:3743: $? = 0
configure:3743: result: yes
configure:3743: checking for stdint.h
configure:3743: g++ -c -g -O2  conftest.cpp >&5
configure:3743: $? = 0
configure:3743: result: yes
configure:3743: checking for unistd.h
configure:3743: g++ -c -g -O2  conftest.cpp >&5
configure:3743: $? = 0
configure:3743: result: yes
configure:3755: checking whether byte ordering is bigendian
configure:3770: g++ -c -g -O2  conftest.cpp >&5
configure:3770: $? = 0
configure:3815: g++ -c -g -O2  conftest.cpp >&5
configure:3815: $? = 0
configure:3833: g++ -c -g -O2  conftest.cpp >&5
conftest.cpp:26:8: error: use of undeclared identifier 'big'
                 not big endian
                     ^
1 error generated.
configure:3833: $? = 1
configure: failed program was:
| /* confdefs.h */
| #define PACKAGE_NAME "kyotocabinet"
| #define PACKAGE_TARNAME "kyotocabinet"
| #define PACKAGE_VERSION "1.2.76"
| #define PACKAGE_STRING "kyotocabinet 1.2.76"
| #define PACKAGE_BUGREPORT ""
| #define PACKAGE_URL ""
| #define STDC_HEADERS 1
| #define HAVE_SYS_TYPES_H 1
| #define HAVE_SYS_STAT_H 1
| #define HAVE_STDLIB_H 1
| #define HAVE_STRING_H 1
| #define HAVE_MEMORY_H 1
| #define HAVE_STRINGS_H 1
| #define HAVE_INTTYPES_H 1
| #define HAVE_STDINT_H 1
| #define HAVE_UNISTD_H 1
| /* end confdefs.h.  */
| #include <sys/types.h>
| 		#include <sys/param.h>
| 
| int
| main ()
| {
| #if BYTE_ORDER != BIG_ENDIAN
| 		 not big endian
| 		#endif
| 
|   ;
|   return 0;
| }
configure:3961: result: no
configure:4027: g++ -c -g -O2  conftest.cpp >&5
conftest.cpp:23:1: error: builtin functions must be directly called
__sync_fetch_and_add
^
1 error generated.
configure:4027: $? = 1
configure: failed program was:
| /* confdefs.h */
| #define PACKAGE_NAME "kyotocabinet"
| #define PACKAGE_TARNAME "kyotocabinet"
| #define PACKAGE_VERSION "1.2.76"
| #define PACKAGE_STRING "kyotocabinet 1.2.76"
| #define PACKAGE_BUGREPORT ""
| #define PACKAGE_URL ""
| #define STDC_HEADERS 1
| #define HAVE_SYS_TYPES_H 1
| #define HAVE_SYS_STAT_H 1
| #define HAVE_STDLIB_H 1
| #define HAVE_STRING_H 1
| #define HAVE_MEMORY_H 1
| #define HAVE_STRINGS_H 1
| #define HAVE_INTTYPES_H 1
| #define HAVE_STDINT_H 1
| #define HAVE_UNISTD_H 1
| /* end confdefs.h.  */
| 
| int
| main ()
| {
| __sync_fetch_and_add
|   ;
|   return 0;
| }
configure:4043: checking for main in -lc
configure:4062: g++ -o conftest -g -O2   conftest.cpp -lc   >&5
configure:4062: $? = 0
configure:4071: result: yes
configure:4082: checking for main in -lm
configure:4101: g++ -o conftest -g -O2   conftest.cpp -lm  -lc  >&5
configure:4101: $? = 0
configure:4110: result: yes
configure:4121: checking for main in -lpthread
configure:4140: g++ -o conftest -g -O2   conftest.cpp -lpthread  -lm -lc  >&5
configure:4140: $? = 0
configure:4149: result: yes
configure:4160: checking for main in -lrt
configure:4179: g++ -o conftest -g -O2   conftest.cpp -lrt  -lpthread -lm -lc  >&5
ld: library not found for -lrt
clang: error: linker command failed with exit code 1 (use -v to see invocation)
configure:4179: $? = 1
configure: failed program was:
| /* confdefs.h */
| #define PACKAGE_NAME "kyotocabinet"
| #define PACKAGE_TARNAME "kyotocabinet"
| #define PACKAGE_VERSION "1.2.76"
| #define PACKAGE_STRING "kyotocabinet 1.2.76"
| #define PACKAGE_BUGREPORT ""
| #define PACKAGE_URL ""
| #define STDC_HEADERS 1
| #define HAVE_SYS_TYPES_H 1
| #define HAVE_SYS_STAT_H 1
| #define HAVE_STDLIB_H 1
| #define HAVE_STRING_H 1
| #define HAVE_MEMORY_H 1
| #define HAVE_STRINGS_H 1
| #define HAVE_INTTYPES_H 1
| #define HAVE_STDINT_H 1
| #define HAVE_UNISTD_H 1
| #define HAVE_LIBC 1
| #define HAVE_LIBM 1
| #define HAVE_LIBPTHREAD 1
| /* end confdefs.h.  */
| 
| 
| int
| main ()
| {
| return main ();
|   ;
|   return 0;
| }
configure:4188: result: no
configure:4199: checking for main in -lstdc++
configure:4218: g++ -o conftest -g -O2   conftest.cpp -lstdc++  -lpthread -lm -lc  >&5
configure:4218: $? = 0
configure:4227: result: yes
configure:4238: checking for main in -lregex
configure:4257: g++ -o conftest -g -O2   conftest.cpp -lregex  -lstdc++ -lpthread -lm -lc  >&5
ld: library not found for -lregex
clang: error: linker command failed with exit code 1 (use -v to see invocation)
configure:4257: $? = 1
configure: failed program was:
| /* confdefs.h */
| #define PACKAGE_NAME "kyotocabinet"
| #define PACKAGE_TARNAME "kyotocabinet"
| #define PACKAGE_VERSION "1.2.76"
| #define PACKAGE_STRING "kyotocabinet 1.2.76"
| #define PACKAGE_BUGREPORT ""
| #define PACKAGE_URL ""
| #define STDC_HEADERS 1
| #define HAVE_SYS_TYPES_H 1
| #define HAVE_SYS_STAT_H 1
| #define HAVE_STDLIB_H 1
| #define HAVE_STRING_H 1
| #define HAVE_MEMORY_H 1
| #define HAVE_STRINGS_H 1
| #define HAVE_INTTYPES_H 1
| #define HAVE_STDINT_H 1
| #define HAVE_UNISTD_H 1
| #define HAVE_LIBC 1
| #define HAVE_LIBM 1
| #define HAVE_LIBPTHREAD 1
| #define HAVE_LIBSTDC__ 1
| /* end confdefs.h.  */
| 
| 
| int
| main ()
| {
| return main ();
|   ;
|   return 0;
| }
configure:4266: result: no
configure:4279: checking for main in -lz
configure:4298: g++ -o conftest -g -O2   conftest.cpp -lz  -lstdc++ -lpthread -lm -lc  >&5
configure:4298: $? = 0
configure:4307: result: yes
configure:4403: checking for main in -lkyotocabinet
configure:4422: g++ -o conftest -g -O2   conftest.cpp -lkyotocabinet  -lz -lstdc++ -lpthread -lm -lc  >&5
ld: library not found for -lkyotocabinet
clang: error: linker command failed with exit code 1 (use -v to see invocation)
configure:4422: $? = 1
configure: failed program was:
| /* confdefs.h */
| #define PACKAGE_NAME "kyotocabinet"
| #define PACKAGE_TARNAME "kyotocabinet"
| #define PACKAGE_VERSION "1.2.76"
| #define PACKAGE_STRING "kyotocabinet 1.2.76"
| #define PACKAGE_BUGREPORT ""
| #define PACKAGE_URL ""
| #define STDC_HEADERS 1
| #define HAVE_SYS_TYPES_H 1
| #define HAVE_SYS_STAT_H 1
| #define HAVE_STDLIB_H 1
| #define HAVE_STRING_H 1
| #define HAVE_MEMORY_H 1
| #define HAVE_STRINGS_H 1
| #define HAVE_INTTYPES_H 1
| #define HAVE_STDINT_H 1
| #define HAVE_UNISTD_H 1
| #define HAVE_LIBC 1
| #define HAVE_LIBM 1
| #define HAVE_LIBPTHREAD 1
| #define HAVE_LIBSTDC__ 1
| #define HAVE_LIBZ 1
| /* end confdefs.h.  */
| 
| 
| int
| main ()
| {
| return main ();
|   ;
|   return 0;
| }
configure:4431: result: no
configure:4441: checking for stdlib.h
configure:4441: result: yes
configure:4449: checking for stdint.h
configure:4449: result: yes
configure:4457: checking for unistd.h
configure:4457: result: yes
configure:4465: checking fcntl.h usability
configure:4465: g++ -c -g -O2  conftest.cpp >&5
configure:4465: $? = 0
configure:4465: result: yes
configure:4465: checking fcntl.h presence
configure:4465: g++ -E  conftest.cpp
configure:4465: $? = 0
configure:4465: result: yes
configure:4465: checking for fcntl.h
configure:4465: result: yes
configure:4473: checking dirent.h usability
configure:4473: g++ -c -g -O2  conftest.cpp >&5
configure:4473: $? = 0
configure:4473: result: yes
configure:4473: checking dirent.h presence
configure:4473: g++ -E  conftest.cpp
configure:4473: $? = 0
configure:4473: result: yes
configure:4473: checking for dirent.h
configure:4473: result: yes
configure:4481: checking pthread.h usability
configure:4481: g++ -c -g -O2  conftest.cpp >&5
configure:4481: $? = 0
configure:4481: result: yes
configure:4481: checking pthread.h presence
configure:4481: g++ -E  conftest.cpp
configure:4481: $? = 0
configure:4481: result: yes
configure:4481: checking for pthread.h
configure:4481: result: yes
configure:4489: checking regex.h usability
configure:4489: g++ -c -g -O2  conftest.cpp >&5
configure:4489: $? = 0
configure:4489: result: yes
configure:4489: checking regex.h presence
configure:4489: g++ -E  conftest.cpp
configure:4489: $? = 0
configure:4489: result: yes
configure:4489: checking for regex.h
configure:4489: result: yes
configure:4499: checking zlib.h usability
configure:4499: g++ -c -g -O2  conftest.cpp >&5
configure:4499: $? = 0
configure:4499: result: yes
configure:4499: checking zlib.h presence
configure:4499: g++ -E  conftest.cpp
configure:4499: $? = 0
configure:4499: result: yes
configure:4499: checking for zlib.h
configure:4499: result: yes
configure:4751: creating ./config.status

## ---------------------- ##
## Running config.status. ##
## ---------------------- ##

This file was extended by kyotocabinet config.status 1.2.76, which was
generated by GNU Autoconf 2.68.  Invocation command line was

  CONFIG_FILES    = 
  CONFIG_HEADERS  = 
  CONFIG_LINKS    = 
  CONFIG_COMMANDS = 
  $ ./config.status 

on gennadiy-osx.local

config.status:763: creating Makefile
config.status:763: creating kyotocabinet.pc

## ---------------- ##
## Cache variables. ##
## ---------------- ##

ac_cv_c_bigendian=no
ac_cv_c_compiler_gnu=yes
ac_cv_cxx_compiler_gnu=yes
ac_cv_env_CCC_set=
ac_cv_env_CCC_value=
ac_cv_env_CC_set=
ac_cv_env_CC_value=
ac_cv_env_CFLAGS_set=
ac_cv_env_CFLAGS_value=
ac_cv_env_CPPFLAGS_set=
ac_cv_env_CPPFLAGS_value=
ac_cv_env_CXXCPP_set=
ac_cv_env_CXXCPP_value=
ac_cv_env_CXXFLAGS_set=
ac_cv_env_CXXFLAGS_value=
ac_cv_env_CXX_set=
ac_cv_env_CXX_value=
ac_cv_env_LDFLAGS_set=
ac_cv_env_LDFLAGS_value=
ac_cv_env_LIBS_set=
ac_cv_env_LIBS_value=
ac_cv_env_build_alias_set=
ac_cv_env_build_alias_value=
ac_cv_env_host_alias_set=
ac_cv_env_host_alias_value=
ac_cv_env_target_alias_set=
ac_cv_env_target_alias_value=
ac_cv_header_dirent_h=yes
ac_cv_header_fcntl_h=yes
ac_cv_header_inttypes_h=yes
ac_cv_header_memory_h=yes
ac_cv_header_pthread_h=yes
ac_cv_header_regex_h=yes
ac_cv_header_stdc=yes
ac_cv_header_stdint_h=yes
ac_cv_header_stdlib_h=yes
ac_cv_header_string_h=yes
ac_cv_header_strings_h=yes
ac_cv_header_sys_stat_h=yes
ac_cv_header_sys_types_h=yes
ac_cv_header_unistd_h=yes
ac_cv_header_zlib_h=yes
ac_cv_lib_c_main=yes
ac_cv_lib_kyotocabinet_main=no
ac_cv_lib_m_main=yes
ac_cv_lib_pthread_main=yes
ac_cv_lib_regex_main=no
ac_cv_lib_rt_main=no
ac_cv_lib_stdcpp_main=yes
ac_cv_lib_z_main=yes
ac_cv_objext=o
ac_cv_path_EGREP='/usr/bin/grep -E'
ac_cv_path_GREP=/usr/bin/grep
ac_cv_prog_CXXCPP='g++ -E'
ac_cv_prog_ac_ct_CC=gcc
ac_cv_prog_ac_ct_CXX=g++
ac_cv_prog_cc_c89=
ac_cv_prog_cc_g=yes
ac_cv_prog_cxx_g=yes

## ----------------- ##
## Output variables. ##
## ----------------- ##

CC='gcc'
CFLAGS='-g -O2'
CPPFLAGS=''
CXX='g++'
CXXCPP='g++ -E'
CXXFLAGS='-g -O2'
DEFS='-DPACKAGE_NAME=\"kyotocabinet\" -DPACKAGE_TARNAME=\"kyotocabinet\" -DPACKAGE_VERSION=\"1.2.76\" -DPACKAGE_STRING=\"kyotocabinet\ 1.2.76\" -DPACKAGE_BUGREPORT=\"\" -DPACKAGE_URL=\"\" -DSTDC_HEADERS=1 -DHAVE_SYS_TYPES_H=1 -DHAVE_SYS_STAT_H=1 -DHAVE_STDLIB_H=1 -DHAVE_STRING_H=1 -DHAVE_MEMORY_H=1 -DHAVE_STRINGS_H=1 -DHAVE_INTTYPES_H=1 -DHAVE_STDINT_H=1 -DHAVE_UNISTD_H=1 -DHAVE_LIBC=1 -DHAVE_LIBM=1 -DHAVE_LIBPTHREAD=1 -DHAVE_LIBSTDC__=1 -DHAVE_LIBZ=1'
ECHO_C='\c'
ECHO_N=''
ECHO_T=''
EGREP='/usr/bin/grep -E'
EXEEXT=''
GREP='/usr/bin/grep'
LDFLAGS=''
LIBOBJS=''
LIBS='-lz -lstdc++ -lpthread -lm -lc '
LTLIBOBJS=''
MYCFLAGS='-march=native -m64 -g -O2 -Wall -ansi -pedantic -fPIC -fsigned-char -g0 -O2 -Wno-unused-but-set-variable -Wno-unused-but-set-parameter -Os'
MYCMDLDFLAGS=''
MYCMDLIBS=' -lz -lstdc++ -lpthread -lm -lc '
MYCOMMANDFILES='kcutiltest kcutilmgr kcprototest kcstashtest kccachetest kcgrasstest kchashtest kchashmgr kctreetest kctreemgr kcdirtest kcdirmgr kcforesttest kcforestmgr kcpolytest kcpolymgr kclangctest'
MYCPPFLAGS='-I. -I$(INCLUDEDIR) -I/usr/local/include -DNDEBUG -D_GNU_SOURCE=1 -D_FILE_OFFSET_BITS=64 -D_REENTRANT -D__EXTENSIONS__ -D_MYZLIB'
MYCXXFLAGS='-march=native -m64 -g -O2 -Wall -fPIC -fsigned-char -g0 -O2 -Wno-unused-but-set-variable -Wno-unused-but-set-parameter -Os'
MYDOCUMENTFILES='COPYING FOSSEXCEPTION ChangeLog doc kyotocabinet.idl'
MYFORMATVER='5'
MYHEADERFILES='kccommon.h kcutil.h kcthread.h kcfile.h kccompress.h kccompare.h kcmap.h kcregex.h kcdb.h kcplantdb.h kcprotodb.h kcstashdb.h kccachedb.h kchashdb.h kcdirdb.h kctextdb.h kcpolydb.h kcdbext.h kclangc.h'
MYLDFLAGS='-L. -L$(LIBDIR) -L/usr/local/lib'
MYLDLIBPATH='.:/usr/local/lib:'
MYLDLIBPATHENV='DYLD_LIBRARY_PATH'
MYLIBOBJFILES='kcutil.o kcthread.o kcfile.o kccompress.o kccompare.o kcmap.o kcregex.o kcdb.o kcplantdb.o kcprotodb.o kcstashdb.o kccachedb.o kchashdb.o kcdirdb.o kctextdb.o kcpolydb.o kcdbext.o kclangc.o'
MYLIBRARYFILES='libkyotocabinet.a libkyotocabinet.16.13.0.dylib libkyotocabinet.16.dylib libkyotocabinet.dylib'
MYLIBREV='13'
MYLIBVER='16'
MYMAN1FILES='kcutiltest.1 kcutilmgr.1 kcprototest.1 kcstashtest.1 kccachetest.1 kcgrasstest.1 kchashtest.1 kchashmgr.1 kctreetest.1 kctreemgr.1 kcdirtest.1 kcdirmgr.1 kcforesttest.1 kcforestmgr.1 kcpolytest.1 kcpolymgr.1 kclangctest.1'
MYPCFILES='kyotocabinet.pc'
MYPOSTCMD='true'
OBJEXT='o'
PACKAGE_BUGREPORT=''
PACKAGE_NAME='kyotocabinet'
PACKAGE_STRING='kyotocabinet 1.2.76'
PACKAGE_TARNAME='kyotocabinet'
PACKAGE_URL=''
PACKAGE_VERSION='1.2.76'
PATH_SEPARATOR=':'
SHELL='/bin/sh'
ac_ct_CC='gcc'
ac_ct_CXX='g++'
bindir='${exec_prefix}/bin'
build_alias=''
datadir='${datarootdir}'
datarootdir='${prefix}/share'
docdir='${datarootdir}/doc/${PACKAGE_TARNAME}'
dvidir='${docdir}'
exec_prefix='${prefix}'
host_alias=''
htmldir='${docdir}'
includedir='${prefix}/include'
infodir='${datarootdir}/info'
libdir='${exec_prefix}/lib'
libexecdir='${exec_prefix}/libexec'
localedir='${datarootdir}/locale'
localstatedir='${prefix}/var'
mandir='${datarootdir}/man'
oldincludedir='/usr/include'
pdfdir='${docdir}'
prefix='/usr/local'
program_transform_name='s,x,x,'
psdir='${docdir}'
sbindir='${exec_prefix}/sbin'
sharedstatedir='${prefix}/com'
sysconfdir='${prefix}/etc'
target_alias=''

## ----------- ##
## confdefs.h. ##
## ----------- ##

/* confdefs.h */
#define PACKAGE_NAME "kyotocabinet"
#define PACKAGE_TARNAME "kyotocabinet"
#define PACKAGE_VERSION "1.2.76"
#define PACKAGE_STRING "kyotocabinet 1.2.76"
#define PACKAGE_BUGREPORT ""
#define PACKAGE_URL ""
#define STDC_HEADERS 1
#define HAVE_SYS_TYPES_H 1
#define HAVE_SYS_STAT_H 1
#define HAVE_STDLIB_H 1
#define HAVE_STRING_H 1
#define HAVE_MEMORY_H 1
#define HAVE_STRINGS_H 1
#define HAVE_INTTYPES_H 1
#define HAVE_STDINT_H 1
#define HAVE_UNISTD_H 1
#define HAVE_LIBC 1
#define HAVE_LIBM 1
#define HAVE_LIBPTHREAD 1
#define HAVE_LIBSTDC__ 1
#define HAVE_LIBZ 1

configure: exit 0
